app/build/intermediates/manifest_merge_blame_file/debug/manifest-merger-blame-debug-report.txt
1<?xml version="1.0" encoding="utf-8"?>
2<manifest xmlns:android="http://schemas.android.com/apk/res/android"
3    package="com.k.deeplinkingtesting"
4    android:versionCode="120"
5    android:versionName="7.5.4" >
6
7    <uses-sdk
8        android:minSdkVersion="24"
9        android:targetSdkVersion="35" />
10
11    <uses-permission android:name="com.google.android.gms.permission.AD_ID" />
11-->src/main/AndroidManifest.xml:5:5-79
11-->src/main/AndroidManifest.xml:5:22-76
12    <uses-permission android:name="android.permission.WRITE_EXTERNAL_STORAGE" />
12-->src/main/AndroidManifest.xml:6:5-110
12-->src/main/AndroidManifest.xml:6:22-78
13    <uses-permission android:name="android.permission.ACCESS_NOTIFICATION_POLICY" />
13-->src/main/AndroidManifest.xml:7:5-85
13-->src/main/AndroidManifest.xml:7:22-82
14    <uses-permission android:name="android.permission.INTERNET" />
14-->src/main/AndroidManifest.xml:8:5-67
14-->src/main/AndroidManifest.xml:8:22-64
15    <uses-permission android:name="android.permission.ACCESS_WIFI_STATE" />
15-->src/main/AndroidManifest.xml:9:5-76
15-->src/main/AndroidManifest.xml:9:22-73
16    <uses-permission android:name="android.permission.CHANGE_NETWORK_STATE" />
16-->src/main/AndroidManifest.xml:10:5-79
16-->src/main/AndroidManifest.xml:10:22-76
17    <uses-permission android:name="android.permission.VIBRATE" />
17-->src/main/AndroidManifest.xml:11:5-66
17-->src/main/AndroidManifest.xml:11:22-63
18    <uses-permission android:name="android.permission.READ_EXTERNAL_STORAGE" />
18-->src/main/AndroidManifest.xml:12:5-109
18-->src/main/AndroidManifest.xml:12:22-77
19    <uses-permission android:name="android.permission.POST_NOTIFICATIONS" />
19-->src/main/AndroidManifest.xml:13:5-77
19-->src/main/AndroidManifest.xml:13:22-74
20    <uses-permission android:name="com.google.android.c2dm.permission.RECEIVE" />
20-->src/main/AndroidManifest.xml:14:5-82
20-->src/main/AndroidManifest.xml:14:22-79
21    <uses-permission android:name="android.permission.WAKE_LOCK" />
21-->src/main/AndroidManifest.xml:15:5-68
21-->src/main/AndroidManifest.xml:15:22-65
22    <uses-permission android:name="android.permission.ACCESS_NETWORK_STATE" />
22-->src/main/AndroidManifest.xml:16:5-79
22-->src/main/AndroidManifest.xml:16:22-76
23    <uses-permission android:name="android.permission.RECEIVE_BOOT_COMPLETED" />
23-->src/main/AndroidManifest.xml:17:5-81
23-->src/main/AndroidManifest.xml:17:22-78
24    <uses-permission android:name="android.permission.BROADCAST_CLOSE_SYSTEM_DIALOGS" /> <!-- Create a unique permission for your app and use it so only your app can receive your iZooto messages. -->
24-->[izooto-release.aar] AndroidManifest.xml:8:5-10:47
24-->[izooto-release.aar] AndroidManifest.xml:9:9-73
25    <permission
25-->[izooto-release.aar] AndroidManifest.xml:23:5-25:47
26        android:name="com.k.deeplinkingtesting.permission.C2D_MESSAGE"
26-->[izooto-release.aar] AndroidManifest.xml:24:9-63
27        android:protectionLevel="signature" />
27-->[izooto-release.aar] AndroidManifest.xml:25:9-44
28
29    <uses-permission android:name="com.k.deeplinkingtesting.permission.C2D_MESSAGE" />
29-->[izooto-release.aar] AndroidManifest.xml:27:5-79
29-->[izooto-release.aar] AndroidManifest.xml:27:22-76
30    <uses-permission android:name="android.permission.ACCESS_ADSERVICES_TOPICS" />
30-->[com.unity3d.ads:unity-ads:4.12.5] AndroidManifest.xml:11:5-83
30-->[com.unity3d.ads:unity-ads:4.12.5] AndroidManifest.xml:11:22-80
31    <uses-permission android:name="android.permission.ACCESS_ADSERVICES_ATTRIBUTION" />
31-->[com.unity3d.ads:unity-ads:4.12.5] AndroidManifest.xml:12:5-88
31-->[com.unity3d.ads:unity-ads:4.12.5] AndroidManifest.xml:12:22-85
32
33    <queries>
33-->[com.appnext.sdk:core:2.7.6.473] AndroidManifest.xml:12:5-18:15
34        <package android:name="com.appnext.core" />
34-->[com.appnext.sdk:core:2.7.6.473] AndroidManifest.xml:13:9-52
34-->[com.appnext.sdk:core:2.7.6.473] AndroidManifest.xml:13:18-49
35
36        <intent>
36-->[com.appnext.sdk:core:2.7.6.473] AndroidManifest.xml:15:9-17:18
37            <action android:name="android.intent.action.MAIN" />
37-->src/main/AndroidManifest.xml:57:17-69
37-->src/main/AndroidManifest.xml:57:25-66
38        </intent>
39        <!-- For browser content -->
40        <intent>
40-->[com.google.android.gms:play-services-ads-lite:23.5.0] AndroidManifest.xml:38:9-44:18
41            <action android:name="android.intent.action.VIEW" />
41-->[izooto-release.aar] AndroidManifest.xml:69:17-69
41-->[izooto-release.aar] AndroidManifest.xml:69:25-66
42
43            <category android:name="android.intent.category.BROWSABLE" />
43-->[com.google.android.gms:play-services-ads-lite:23.5.0] AndroidManifest.xml:41:13-74
43-->[com.google.android.gms:play-services-ads-lite:23.5.0] AndroidManifest.xml:41:23-71
44
45            <data android:scheme="https" />
45-->[com.google.android.gms:play-services-ads-lite:23.5.0] AndroidManifest.xml:43:13-44
45-->[com.google.android.gms:play-services-ads-lite:23.5.0] AndroidManifest.xml:43:19-41
46        </intent> <!-- End of browser content -->
47        <!-- For CustomTabsService -->
48        <intent>
48-->[com.google.android.gms:play-services-ads-lite:23.5.0] AndroidManifest.xml:47:9-49:18
49            <action android:name="android.support.customtabs.action.CustomTabsService" />
49-->[com.google.android.gms:play-services-ads-lite:23.5.0] AndroidManifest.xml:48:13-90
49-->[com.google.android.gms:play-services-ads-lite:23.5.0] AndroidManifest.xml:48:21-87
50        </intent> <!-- End of CustomTabsService -->
51        <!-- For MRAID capabilities -->
52        <intent>
52-->[com.google.android.gms:play-services-ads-lite:23.5.0] AndroidManifest.xml:52:9-56:18
53            <action android:name="android.intent.action.INSERT" />
53-->[com.google.android.gms:play-services-ads-lite:23.5.0] AndroidManifest.xml:53:13-67
53-->[com.google.android.gms:play-services-ads-lite:23.5.0] AndroidManifest.xml:53:21-64
54
55            <data android:mimeType="vnd.android.cursor.dir/event" />
55-->[com.google.android.gms:play-services-ads-lite:23.5.0] AndroidManifest.xml:43:13-44
56        </intent>
57        <intent>
57-->[com.google.android.gms:play-services-ads-lite:23.5.0] AndroidManifest.xml:57:9-61:18
58            <action android:name="android.intent.action.VIEW" />
58-->[izooto-release.aar] AndroidManifest.xml:69:17-69
58-->[izooto-release.aar] AndroidManifest.xml:69:25-66
59
60            <data android:scheme="sms" />
60-->[com.google.android.gms:play-services-ads-lite:23.5.0] AndroidManifest.xml:43:13-44
60-->[com.google.android.gms:play-services-ads-lite:23.5.0] AndroidManifest.xml:43:19-41
61        </intent>
62        <intent>
62-->[com.google.android.gms:play-services-ads-lite:23.5.0] AndroidManifest.xml:62:9-66:18
63            <action android:name="android.intent.action.DIAL" />
63-->[com.google.android.gms:play-services-ads-lite:23.5.0] AndroidManifest.xml:63:13-65
63-->[com.google.android.gms:play-services-ads-lite:23.5.0] AndroidManifest.xml:63:21-62
64
65            <data android:path="tel:" />
65-->[com.google.android.gms:play-services-ads-lite:23.5.0] AndroidManifest.xml:43:13-44
66        </intent>
67        <intent>
67-->[com.applovin:applovin-sdk:12.6.0] AndroidManifest.xml:8:9-10:18
68            <action android:name="com.applovin.am.intent.action.APPHUB_SERVICE" />
68-->[com.applovin:applovin-sdk:12.6.0] AndroidManifest.xml:9:13-83
68-->[com.applovin:applovin-sdk:12.6.0] AndroidManifest.xml:9:21-80
69        </intent>
70        <intent>
70-->[com.inmobi.monetization:inmobi-ads-kotlin:10.8.0] AndroidManifest.xml:14:9-16:18
71            <action android:name="androidx.browser.customtabs.CustomTabsService" />
71-->[com.inmobi.monetization:inmobi-ads-kotlin:10.8.0] AndroidManifest.xml:15:13-84
71-->[com.inmobi.monetization:inmobi-ads-kotlin:10.8.0] AndroidManifest.xml:15:21-81
72        </intent>
73        <intent>
73-->[com.inmobi.monetization:inmobi-ads-kotlin:10.8.0] AndroidManifest.xml:24:9-30:18
74            <action android:name="android.intent.action.VIEW" />
74-->[izooto-release.aar] AndroidManifest.xml:69:17-69
74-->[izooto-release.aar] AndroidManifest.xml:69:25-66
75
76            <category android:name="android.intent.category.BROWSABLE" />
76-->[com.google.android.gms:play-services-ads-lite:23.5.0] AndroidManifest.xml:41:13-74
76-->[com.google.android.gms:play-services-ads-lite:23.5.0] AndroidManifest.xml:41:23-71
77
78            <data android:scheme="http" />
78-->[com.google.android.gms:play-services-ads-lite:23.5.0] AndroidManifest.xml:43:13-44
78-->[com.google.android.gms:play-services-ads-lite:23.5.0] AndroidManifest.xml:43:19-41
79        </intent>
80        <intent>
80-->[com.inmobi.monetization:inmobi-ads-kotlin:10.8.0] AndroidManifest.xml:31:9-35:18
81            <action android:name="android.intent.action.VIEW" />
81-->[izooto-release.aar] AndroidManifest.xml:69:17-69
81-->[izooto-release.aar] AndroidManifest.xml:69:25-66
82
83            <data android:scheme="market" />
83-->[com.google.android.gms:play-services-ads-lite:23.5.0] AndroidManifest.xml:43:13-44
83-->[com.google.android.gms:play-services-ads-lite:23.5.0] AndroidManifest.xml:43:19-41
84        </intent>
85
86        <package android:name="com.android.chrome" />
86-->[com.my.target:mytarget-sdk:5.22.1] AndroidManifest.xml:12:9-54
86-->[com.my.target:mytarget-sdk:5.22.1] AndroidManifest.xml:12:18-51
87
88        <intent>
88-->[com.android.billingclient:billing:6.2.1] AndroidManifest.xml:13:9-15:18
89            <action android:name="com.android.vending.billing.InAppBillingService.BIND" />
89-->[com.android.billingclient:billing:6.2.1] AndroidManifest.xml:14:13-91
89-->[com.android.billingclient:billing:6.2.1] AndroidManifest.xml:14:21-88
90        </intent>
91        <intent>
91-->[com.mbridge.msdk.oversea:same:16.8.61] AndroidManifest.xml:17:9-19:18
92            <action android:name="android.intent.action.VIEW" />
92-->[izooto-release.aar] AndroidManifest.xml:69:17-69
92-->[izooto-release.aar] AndroidManifest.xml:69:25-66
93        </intent>
94    </queries>
95
96    <uses-permission android:name="android.permission.ACCESS_ADSERVICES_AD_ID" />
96-->[com.google.android.gms:play-services-ads-lite:23.5.0] AndroidManifest.xml:27:5-82
96-->[com.google.android.gms:play-services-ads-lite:23.5.0] AndroidManifest.xml:27:22-79
97    <uses-permission android:name="android.permission.FOREGROUND_SERVICE" />
97-->[androidx.work:work-runtime:2.9.0] AndroidManifest.xml:26:5-77
97-->[androidx.work:work-runtime:2.9.0] AndroidManifest.xml:26:22-74
98    <uses-permission android:name="com.applovin.array.apphub.permission.BIND_APPHUB_SERVICE" />
98-->[com.applovin:applovin-sdk:12.6.0] AndroidManifest.xml:19:5-96
98-->[com.applovin:applovin-sdk:12.6.0] AndroidManifest.xml:19:22-93
99    <uses-permission android:name="com.google.android.finsky.permission.BIND_GET_INSTALL_REFERRER_SERVICE" />
99-->[com.google.android.gms:play-services-measurement:22.0.2] AndroidManifest.xml:26:5-110
99-->[com.google.android.gms:play-services-measurement:22.0.2] AndroidManifest.xml:26:22-107
100
101    <uses-feature
101-->[com.my.tracker:mytracker-sdk:3.1.2] AndroidManifest.xml:13:5-15:36
102        android:name="android.hardware.sensor.light"
102-->[com.my.tracker:mytracker-sdk:3.1.2] AndroidManifest.xml:14:9-53
103        android:required="false" />
103-->[com.my.tracker:mytracker-sdk:3.1.2] AndroidManifest.xml:15:9-33
104    <uses-feature
104-->[com.my.tracker:mytracker-sdk:3.1.2] AndroidManifest.xml:16:5-18:36
105        android:name="android.hardware.sensor.compass"
105-->[com.my.tracker:mytracker-sdk:3.1.2] AndroidManifest.xml:17:9-55
106        android:required="false" />
106-->[com.my.tracker:mytracker-sdk:3.1.2] AndroidManifest.xml:18:9-33
107    <uses-feature
107-->[com.my.tracker:mytracker-sdk:3.1.2] AndroidManifest.xml:19:5-21:36
108        android:name="android.hardware.sensor.gyroscope"
108-->[com.my.tracker:mytracker-sdk:3.1.2] AndroidManifest.xml:20:9-57
109        android:required="false" />
109-->[com.my.tracker:mytracker-sdk:3.1.2] AndroidManifest.xml:21:9-33
110    <uses-feature
110-->[com.my.tracker:mytracker-sdk:3.1.2] AndroidManifest.xml:22:5-24:36
111        android:name="android.hardware.sensor.barometer"
111-->[com.my.tracker:mytracker-sdk:3.1.2] AndroidManifest.xml:23:9-57
112        android:required="false" />
112-->[com.my.tracker:mytracker-sdk:3.1.2] AndroidManifest.xml:24:9-33
113    <uses-feature
113-->[com.my.tracker:mytracker-sdk:3.1.2] AndroidManifest.xml:25:5-27:36
114        android:name="android.hardware.sensor.proximity"
114-->[com.my.tracker:mytracker-sdk:3.1.2] AndroidManifest.xml:26:9-57
115        android:required="false" />
115-->[com.my.tracker:mytracker-sdk:3.1.2] AndroidManifest.xml:27:9-33
116
117    <uses-permission android:name="com.android.vending.BILLING" />
117-->[com.android.billingclient:billing:6.2.1] AndroidManifest.xml:10:5-67
117-->[com.android.billingclient:billing:6.2.1] AndroidManifest.xml:10:22-64
118
119    <permission
119-->[androidx.core:core:1.13.0] AndroidManifest.xml:22:5-24:47
120        android:name="com.k.deeplinkingtesting.DYNAMIC_RECEIVER_NOT_EXPORTED_PERMISSION"
120-->[androidx.core:core:1.13.0] AndroidManifest.xml:23:9-81
121        android:protectionLevel="signature" />
121-->[androidx.core:core:1.13.0] AndroidManifest.xml:24:9-44
122
123    <uses-permission android:name="com.k.deeplinkingtesting.DYNAMIC_RECEIVER_NOT_EXPORTED_PERMISSION" />
123-->[androidx.core:core:1.13.0] AndroidManifest.xml:26:5-97
123-->[androidx.core:core:1.13.0] AndroidManifest.xml:26:22-94
124
125    <application
125-->src/main/AndroidManifest.xml:19:5-100:19
126        android:name="com.k.deeplinkingtesting.AppController"
126-->src/main/AndroidManifest.xml:20:9-38
127        android:allowBackup="true"
127-->src/main/AndroidManifest.xml:21:9-35
128        android:appComponentFactory="androidx.core.app.CoreComponentFactory"
128-->[androidx.core:core:1.13.0] AndroidManifest.xml:28:18-86
129        android:debuggable="true"
130        android:extractNativeLibs="false"
131        android:hardwareAccelerated="true"
131-->src/main/AndroidManifest.xml:22:9-43
132        android:icon="@drawable/notification"
132-->src/main/AndroidManifest.xml:23:9-46
133        android:label="@string/app_name"
133-->src/main/AndroidManifest.xml:24:9-41
134        android:networkSecurityConfig="@xml/network_security_config"
134-->src/main/AndroidManifest.xml:25:9-69
135        android:requestLegacyExternalStorage="true"
135-->[izooto-release.aar] AndroidManifest.xml:30:9-52
136        android:roundIcon="@drawable/notification"
136-->src/main/AndroidManifest.xml:26:9-51
137        android:supportsRtl="true"
137-->src/main/AndroidManifest.xml:27:9-35
138        android:testOnly="true"
139        android:theme="@android:style/Theme.Holo.NoActionBar.Fullscreen"
139-->src/main/AndroidManifest.xml:28:9-73
140        android:usesCleartextTraffic="true" >
140-->[izooto-release.aar] AndroidManifest.xml:32:9-44
141        <activity
141-->src/main/AndroidManifest.xml:30:9-33:46
142            android:name="com.k.deeplinkingtesting.iron.IronSourceActivity"
142-->src/main/AndroidManifest.xml:31:13-52
143            android:exported="false"
143-->src/main/AndroidManifest.xml:32:13-37
144            android:theme="@style/AppTheme" />
144-->src/main/AndroidManifest.xml:33:13-44
145        <activity
145-->src/main/AndroidManifest.xml:34:9-37:47
146            android:name="com.k.deeplinkingtesting.YadexAdsActivity"
146-->src/main/AndroidManifest.xml:35:13-45
147            android:exported="false"
147-->src/main/AndroidManifest.xml:36:13-37
148            android:theme="@style/AppTheme" />
148-->src/main/AndroidManifest.xml:37:13-44
149        <activity
149-->src/main/AndroidManifest.xml:38:9-41:47
150            android:name="com.k.deeplinkingtesting.OutBrainContentActivity"
150-->src/main/AndroidManifest.xml:39:13-52
151            android:exported="false"
151-->src/main/AndroidManifest.xml:40:13-37
152            android:theme="@style/AppTheme" />
152-->src/main/AndroidManifest.xml:41:13-44
153        <activity
153-->src/main/AndroidManifest.xml:42:9-45:47
154            android:name="com.k.deeplinkingtesting.admob.InLineBannerAdActivity"
154-->src/main/AndroidManifest.xml:43:13-57
155            android:exported="false"
155-->src/main/AndroidManifest.xml:44:13-37
156            android:theme="@style/AppTheme" />
156-->src/main/AndroidManifest.xml:45:13-44
157        <activity
157-->src/main/AndroidManifest.xml:46:9-49:47
158            android:name="com.k.deeplinkingtesting.admob.AdMobActivity"
158-->src/main/AndroidManifest.xml:47:13-48
159            android:exported="false"
159-->src/main/AndroidManifest.xml:48:13-37
160            android:theme="@style/AppTheme" />
160-->src/main/AndroidManifest.xml:49:13-44
161        <activity
161-->src/main/AndroidManifest.xml:50:9-61:20
162            android:name="com.k.deeplinkingtesting.SplashScreen"
162-->src/main/AndroidManifest.xml:51:13-41
163            android:exported="true"
163-->src/main/AndroidManifest.xml:52:13-36
164            android:screenOrientation="fullSensor"
164-->src/main/AndroidManifest.xml:53:13-51
165            android:theme="@style/AppTheme" >
165-->src/main/AndroidManifest.xml:54:13-44
166            <intent-filter>
166-->src/main/AndroidManifest.xml:56:13-60:29
167                <action android:name="android.intent.action.MAIN" />
167-->src/main/AndroidManifest.xml:57:17-69
167-->src/main/AndroidManifest.xml:57:25-66
168
169                <category android:name="android.intent.category.LAUNCHER" />
169-->src/main/AndroidManifest.xml:59:17-77
169-->src/main/AndroidManifest.xml:59:27-74
170            </intent-filter>
171        </activity>
172        <activity
172-->src/main/AndroidManifest.xml:62:9-68:45
173            android:name="com.k.deeplinkingtesting.CommonActivity"
173-->src/main/AndroidManifest.xml:63:13-43
174            android:exported="true"
174-->src/main/AndroidManifest.xml:64:13-36
175            android:hardwareAccelerated="true"
175-->src/main/AndroidManifest.xml:65:13-47
176            android:screenOrientation="fullSensor"
176-->src/main/AndroidManifest.xml:66:13-51
177            android:theme="@style/AppTheme" />
177-->src/main/AndroidManifest.xml:67:13-44
178        <activity
178-->src/main/AndroidManifest.xml:69:9-75:45
179            android:name="com.k.deeplinkingtesting.unityAds.UnityAdsActivity"
179-->src/main/AndroidManifest.xml:70:13-54
180            android:exported="true"
180-->src/main/AndroidManifest.xml:71:13-36
181            android:hardwareAccelerated="true"
181-->src/main/AndroidManifest.xml:72:13-47
182            android:screenOrientation="fullSensor"
182-->src/main/AndroidManifest.xml:73:13-51
183            android:theme="@style/AppTheme" />
183-->src/main/AndroidManifest.xml:74:13-44
184        <activity
184-->src/main/AndroidManifest.xml:76:9-80:47
185            android:name="com.k.deeplinkingtesting.MainActivity"
185-->src/main/AndroidManifest.xml:77:13-41
186            android:exported="true"
186-->src/main/AndroidManifest.xml:78:13-36
187            android:screenOrientation="fullSensor"
187-->src/main/AndroidManifest.xml:79:13-51
188            android:theme="@style/AppTheme" />
188-->src/main/AndroidManifest.xml:80:13-44
189
190        <meta-data
190-->src/main/AndroidManifest.xml:82:9-84:70
191            android:name="com.google.android.gms.ads.APPLICATION_ID"
191-->src/main/AndroidManifest.xml:83:13-69
192            android:value="ca-app-pub-9298860897894361~4907509724" />
192-->src/main/AndroidManifest.xml:84:13-67
193        <meta-data
193-->src/main/AndroidManifest.xml:85:9-87:118
194            android:name="applovin.sdk.key"
194-->src/main/AndroidManifest.xml:86:13-44
195            android:value="ggxNg5sqhrbeMBss7fAxxiTz9OrB77ryIb9axTCf96I7VTlDMHshwgt7Ceupmf2Wytx4ObibGTI0vlnVNRlSPK" />
195-->src/main/AndroidManifest.xml:87:13-115
196        <meta-data
196-->src/main/AndroidManifest.xml:88:9-90:53
197            android:name="com.yandex.mobileads.sdk.KEY"
197-->src/main/AndroidManifest.xml:89:13-56
198            android:value="@string/yandex_app_id" />
198-->src/main/AndroidManifest.xml:90:13-50
199        <meta-data
199-->src/main/AndroidManifest.xml:91:9-94:45
200            android:name="com.yandex.mobile.ads.AUTOMATIC_SDK_INITIALIZATION"
200-->src/main/AndroidManifest.xml:92:13-78
201            android:value="true" />
201-->src/main/AndroidManifest.xml:93:13-33
202
203        <provider
204            android:name="com.ironsource.lifecycle.IronsourceLifecycleProvider"
204-->src/main/AndroidManifest.xml:97:13-80
205            android:authorities="com.k.deeplinkingtesting.IronsourceLifecycleProvider"
205-->src/main/AndroidManifest.xml:98:13-79
206            android:exported="false" />
206-->src/main/AndroidManifest.xml:99:13-37
207        <provider
207-->[izooto-release.aar] AndroidManifest.xml:34:9-42:20
208            android:name="androidx.core.content.FileProvider"
208-->[izooto-release.aar] AndroidManifest.xml:35:13-62
209            android:authorities="com.k.deeplinkingtesting.provider"
209-->[izooto-release.aar] AndroidManifest.xml:36:13-60
210            android:exported="false"
210-->[izooto-release.aar] AndroidManifest.xml:37:13-37
211            android:grantUriPermissions="true" >
211-->[izooto-release.aar] AndroidManifest.xml:38:13-47
212            <meta-data
212-->[izooto-release.aar] AndroidManifest.xml:39:13-41:57
213                android:name="android.support.FILE_PROVIDER_PATHS"
213-->[izooto-release.aar] AndroidManifest.xml:40:17-67
214                android:resource="@xml/provider_path" />
214-->[izooto-release.aar] AndroidManifest.xml:41:17-54
215        </provider>
216
217        <meta-data
217-->[izooto-release.aar] AndroidManifest.xml:44:9-46:39
218            android:name="com.google.android.gms.ads.INTEGRATION_MANAGER"
218-->[izooto-release.aar] AndroidManifest.xml:45:13-74
219            android:value="webview" />
219-->[izooto-release.aar] AndroidManifest.xml:46:13-36
220
221        <activity
221-->[izooto-release.aar] AndroidManifest.xml:48:9-53:45
222            android:name="com.izooto.iZootoWebViewActivity"
222-->[izooto-release.aar] AndroidManifest.xml:49:13-60
223            android:exported="false"
223-->[izooto-release.aar] AndroidManifest.xml:50:13-37
224            android:launchMode="singleTask"
224-->[izooto-release.aar] AndroidManifest.xml:51:13-44
225            android:screenOrientation="portrait" />
225-->[izooto-release.aar] AndroidManifest.xml:52:13-49
226
227        <meta-data
227-->[izooto-release.aar] AndroidManifest.xml:55:9-57:36
228            android:name="android.webkit.WebView.EnableSafeBrowsing"
228-->[izooto-release.aar] AndroidManifest.xml:56:13-69
229            android:value="true" />
229-->[izooto-release.aar] AndroidManifest.xml:57:13-33
230
231        <receiver
231-->[izooto-release.aar] AndroidManifest.xml:59:9-71:20
232            android:name="com.izooto.NotificationActionReceiver"
232-->[izooto-release.aar] AndroidManifest.xml:60:13-65
233            android:enabled="true"
233-->[izooto-release.aar] AndroidManifest.xml:61:13-35
234            android:exported="false" >
234-->[izooto-release.aar] AndroidManifest.xml:62:13-37
235            <intent-filter>
235-->[izooto-release.aar] AndroidManifest.xml:63:13-70:29
236                <category android:name="android.intent.category.DEFAULT" />
236-->[izooto-release.aar] AndroidManifest.xml:64:17-76
236-->[izooto-release.aar] AndroidManifest.xml:64:27-73
237
238                <action android:name="actionBtnOne" />
238-->[izooto-release.aar] AndroidManifest.xml:66:17-55
238-->[izooto-release.aar] AndroidManifest.xml:66:25-52
239                <action android:name="actionBtnTwo" />
239-->[izooto-release.aar] AndroidManifest.xml:67:17-55
239-->[izooto-release.aar] AndroidManifest.xml:67:25-52
240                <action android:name="actionBtnThree" />
240-->[izooto-release.aar] AndroidManifest.xml:68:17-57
240-->[izooto-release.aar] AndroidManifest.xml:68:25-54
241                <action android:name="android.intent.action.VIEW" />
241-->[izooto-release.aar] AndroidManifest.xml:69:17-69
241-->[izooto-release.aar] AndroidManifest.xml:69:25-66
242            </intent-filter>
243        </receiver>
244        <receiver
244-->[izooto-release.aar] AndroidManifest.xml:72:9-75:40
245            android:name="com.izooto.NotificationDismissedReceiver"
245-->[izooto-release.aar] AndroidManifest.xml:73:13-68
246            android:enabled="true"
246-->[izooto-release.aar] AndroidManifest.xml:74:13-35
247            android:exported="false" />
247-->[izooto-release.aar] AndroidManifest.xml:75:13-37
248        <receiver
248-->[izooto-release.aar] AndroidManifest.xml:76:9-85:20
249            android:name="com.izooto.fcmreceiver.iZootoReceiver"
249-->[izooto-release.aar] AndroidManifest.xml:77:13-65
250            android:exported="true"
250-->[izooto-release.aar] AndroidManifest.xml:78:13-36
251            android:permission="com.google.android.c2dm.permission.SEND" >
251-->[izooto-release.aar] AndroidManifest.xml:79:13-73
252            <intent-filter android:priority="998" >
252-->[izooto-release.aar] AndroidManifest.xml:80:13-84:29
252-->[izooto-release.aar] AndroidManifest.xml:80:28-50
253                <action android:name="com.google.android.c2dm.intent.RECEIVE" />
253-->[izooto-release.aar] AndroidManifest.xml:81:17-81
253-->[izooto-release.aar] AndroidManifest.xml:81:25-78
254
255                <category android:name="com.k.deeplinkingtesting" />
255-->[izooto-release.aar] AndroidManifest.xml:83:17-61
255-->[izooto-release.aar] AndroidManifest.xml:83:27-58
256            </intent-filter>
257        </receiver>
258
259        <activity
259-->[izooto-release.aar] AndroidManifest.xml:87:9-93:75
260            android:name="com.izooto.TargetActivity"
260-->[izooto-release.aar] AndroidManifest.xml:88:13-53
261            android:excludeFromRecents="true"
261-->[izooto-release.aar] AndroidManifest.xml:89:13-46
262            android:exported="true"
262-->[izooto-release.aar] AndroidManifest.xml:90:13-36
263            android:noHistory="true"
263-->[izooto-release.aar] AndroidManifest.xml:91:13-37
264            android:taskAffinity=""
264-->[izooto-release.aar] AndroidManifest.xml:92:13-36
265            android:theme="@android:style/Theme.Translucent.NoTitleBar" />
265-->[izooto-release.aar] AndroidManifest.xml:93:13-72
266
267        <meta-data
267-->[izooto-release.aar] AndroidManifest.xml:95:9-97:48
268            android:name="izooto_app_id"
268-->[izooto-release.aar] AndroidManifest.xml:96:13-41
269            android:value="aeb7d82c8dcc0bcebc9684c2ad8a4a384980e640" />
269-->[izooto-release.aar] AndroidManifest.xml:97:13-45
270
271        <service
271-->[izooto-release.aar] AndroidManifest.xml:99:9-105:19
272            android:name="com.izooto.iZootoHmsMessagingService"
272-->[izooto-release.aar] AndroidManifest.xml:100:13-64
273            android:exported="false" >
273-->[izooto-release.aar] AndroidManifest.xml:101:13-37
274            <intent-filter>
274-->[izooto-release.aar] AndroidManifest.xml:102:13-104:29
275                <action android:name="com.huawei.push.action.MESSAGING_EVENT" />
275-->[izooto-release.aar] AndroidManifest.xml:103:17-81
275-->[izooto-release.aar] AndroidManifest.xml:103:25-78
276            </intent-filter>
277        </service>
278
279        <activity
279-->[izooto-release.aar] AndroidManifest.xml:107:9-110:75
280            android:name="com.izooto.NotificationPermission"
280-->[izooto-release.aar] AndroidManifest.xml:108:13-61
281            android:exported="false"
281-->[izooto-release.aar] AndroidManifest.xml:109:13-37
282            android:theme="@android:style/Theme.Translucent.NoTitleBar" />
282-->[izooto-release.aar] AndroidManifest.xml:110:13-72
283        <activity
283-->[izooto-release.aar] AndroidManifest.xml:111:9-116:56
284            android:name="com.izooto.NewsHubActivity"
284-->[izooto-release.aar] AndroidManifest.xml:112:13-54
285            android:exported="false"
285-->[izooto-release.aar] AndroidManifest.xml:113:13-37
286            android:launchMode="singleTask"
286-->[izooto-release.aar] AndroidManifest.xml:114:13-44
287            android:screenOrientation="portrait"
287-->[izooto-release.aar] AndroidManifest.xml:115:13-49
288            android:theme="@style/Theme.Transparent" />
288-->[izooto-release.aar] AndroidManifest.xml:116:13-53
289
290        <meta-data
290-->[yandex-release.aar] AndroidManifest.xml:15:9-17:36
291            android:name="@string/yandex_mobileads_age_restricted_user"
291-->[yandex-release.aar] AndroidManifest.xml:16:13-72
292            android:value="true" />
292-->[yandex-release.aar] AndroidManifest.xml:17:13-33
293        <meta-data
293-->[com.yandex.android:mobileads-mediation:7.9.0.0] AndroidManifest.xml:8:9-10:36
294            android:name="com.yandex.mobile.ads.SINGLE_ASSEMBLY_ENABLED"
294-->[com.yandex.android:mobileads-mediation:7.9.0.0] AndroidManifest.xml:9:13-73
295            android:value="true" />
295-->[com.yandex.android:mobileads-mediation:7.9.0.0] AndroidManifest.xml:10:13-33
296
297        <activity
297-->[com.unity3d.ads:unity-ads:4.12.5] AndroidManifest.xml:15:9-20:74
298            android:name="com.unity3d.services.ads.adunit.AdUnitActivity"
298-->[com.unity3d.ads:unity-ads:4.12.5] AndroidManifest.xml:16:13-74
299            android:configChanges="fontScale|keyboard|keyboardHidden|locale|mnc|mcc|navigation|orientation|screenLayout|screenSize|smallestScreenSize|uiMode|touchscreen"
299-->[com.unity3d.ads:unity-ads:4.12.5] AndroidManifest.xml:17:13-170
300            android:exported="false"
300-->[com.unity3d.ads:unity-ads:4.12.5] AndroidManifest.xml:18:13-37
301            android:hardwareAccelerated="true"
301-->[com.unity3d.ads:unity-ads:4.12.5] AndroidManifest.xml:19:13-47